<?xml version="1.0" encoding="UTF-8"?>
<testng-results skipped="0" failed="0" total="3" passed="3">
  <reporter-output>
  </reporter-output>
  <suite name="Default suite" duration-ms="25880" started-at="2019-06-09T03:34:21Z" finished-at="2019-06-09T03:34:46Z">
    <groups>
    </groups>
    <test name="Default test" duration-ms="25880" started-at="2019-06-09T03:34:21Z" finished-at="2019-06-09T03:34:46Z">
      <class name="testnggg.DP">
        <test-method status="PASS" signature="beforeMethod()[pri:0, instance:testnggg.DP@3c756e4d]" name="beforeMethod" is-config="true" duration-ms="9542" started-at="2019-06-09T09:04:21Z" finished-at="2019-06-09T09:04:30Z">
          <reporter-output>
          </reporter-output>
        </test-method> <!-- beforeMethod -->
        <test-method status="PASS" signature="f(java.lang.String, java.lang.String)[pri:0, instance:testnggg.DP@3c756e4d]" name="f" duration-ms="154" started-at="2019-06-09T09:04:30Z" data-provider="DP1" finished-at="2019-06-09T09:04:30Z">
          <params>
            <param index="0">
              <value>
                <![CDATA[abcdef]]>
              </value>
            </param>
            <param index="1">
              <value>
                <![CDATA[xyz1234]]>
              </value>
            </param>
          </params>
          <reporter-output>
          </reporter-output>
        </test-method> <!-- f -->
        <test-method status="PASS" signature="afterMethod()[pri:0, instance:testnggg.DP@3c756e4d]" name="afterMethod" is-config="true" duration-ms="6" started-at="2019-06-09T09:04:30Z" finished-at="2019-06-09T09:04:30Z">
          <reporter-output>
          </reporter-output>
        </test-method> <!-- afterMethod -->
        <test-method status="PASS" signature="beforeMethod()[pri:0, instance:testnggg.DP@3c756e4d]" name="beforeMethod" is-config="true" duration-ms="8332" started-at="2019-06-09T09:04:30Z" finished-at="2019-06-09T09:04:39Z">
          <reporter-output>
          </reporter-output>
        </test-method> <!-- beforeMethod -->
        <test-method status="PASS" signature="f(java.lang.String, java.lang.String)[pri:0, instance:testnggg.DP@3c756e4d]" name="f" duration-ms="156" started-at="2019-06-09T09:04:39Z" data-provider="DP1" finished-at="2019-06-09T09:04:39Z">
          <params>
            <param index="0">
              <value>
                <![CDATA[Kishore]]>
              </value>
            </param>
            <param index="1">
              <value>
                <![CDATA[Qshore]]>
              </value>
            </param>
          </params>
          <reporter-output>
          </reporter-output>
        </test-method> <!-- f -->
        <test-method status="PASS" signature="afterMethod()[pri:0, instance:testnggg.DP@3c756e4d]" name="afterMethod" is-config="true" duration-ms="6" started-at="2019-06-09T09:04:39Z" finished-at="2019-06-09T09:04:39Z">
          <reporter-output>
          </reporter-output>
        </test-method> <!-- afterMethod -->
        <test-method status="PASS" signature="beforeMethod()[pri:0, instance:testnggg.DP@3c756e4d]" name="beforeMethod" is-config="true" duration-ms="7484" started-at="2019-06-09T09:04:39Z" finished-at="2019-06-09T09:04:46Z">
          <reporter-output>
          </reporter-output>
        </test-method> <!-- beforeMethod -->
        <test-method status="PASS" signature="f(java.lang.String, java.lang.String)[pri:0, instance:testnggg.DP@3c756e4d]" name="f" duration-ms="174" started-at="2019-06-09T09:04:46Z" data-provider="DP1" finished-at="2019-06-09T09:04:46Z">
          <params>
            <param index="0">
              <value>
                <![CDATA[Qshore]]>
              </value>
            </param>
            <param index="1">
              <value>
                <![CDATA[KishoreKumar]]>
              </value>
            </param>
          </params>
          <reporter-output>
          </reporter-output>
        </test-method> <!-- f -->
        <test-method status="PASS" signature="afterMethod()[pri:0, instance:testnggg.DP@3c756e4d]" name="afterMethod" is-config="true" duration-ms="5" started-at="2019-06-09T09:04:46Z" finished-at="2019-06-09T09:04:46Z">
          <reporter-output>
          </reporter-output>
        </test-method> <!-- afterMethod -->
      </class> <!-- testnggg.DP -->
    </test> <!-- Default test -->
  </suite> <!-- Default suite -->
</testng-results>
